2014-01-29 08:43:55.970 cameraOnPhonegap[1212:a0b] Multi-tasking -> Device: YES, App: YES
2014-01-29 08:43:56.308 cameraOnPhonegap[1212:a0b] Unlimited access to network resources
2014-01-29 08:43:56.322 cameraOnPhonegap[1212:a0b] Fix applied for database locations?: YES
2014-01-29 08:43:57.588 cameraOnPhonegap[1212:a0b] Resetting plugins due to page load.
2014-01-29 08:43:57.846 cameraOnPhonegap[1212:a0b] Finished load of: file:///Users/macmini/Library/Application%20Support/iPhone%20Simulator/7.0/Applications/0504C624-BAE2-4CD8-88EC-BBA1D8F402F0/cameraOnPhonegap.app/www/index.html
2014-01-29 08:44:38.635 cameraOnPhonegap[1212:a0b] ERROR: Plugin 'Camera' not found, or is not a CDVPlugin. Check your plugin mapping in config.xml.
2014-01-29 08:44:38.635 cameraOnPhonegap[1212:a0b] -[CDVCommandQueue executePending] [Line 127] FAILED pluginJSON = [
  "Camera163784515",
  "Camera",
  "takePicture",
  [
    50,
    1,
    2,
    -1,
    -1,
    0,
    0,
    false,
    false,
    false,
    null,
    0
  ]
]
2014-01-29 08:44:43.320 cameraOnPhonegap[1212:a0b] ERROR: Plugin 'Camera' not found, or is not a CDVPlugin. Check your plugin mapping in config.xml.
2014-01-29 08:44:43.321 cameraOnPhonegap[1212:a0b] -[CDVCommandQueue executePending] [Line 127] FAILED pluginJSON = [
  "Camera163784516",
  "Camera",
  "takePicture",
  [
    50,
    1,
    2,
    -1,
    -1,
    0,
    0,
    false,
    false,
    false,
    null,
    0
  ]
]
2014-01-29 08:44:44.897 cameraOnPhonegap[1212:a0b] ERROR: Plugin 'Camera' not found, or is not a CDVPlugin. Check your plugin mapping in config.xml.
2014-01-29 08:44:44.897 cameraOnPhonegap[1212:a0b] -[CDVCommandQueue executePending] [Line 127] FAILED pluginJSON = [
  "Camera163784517",
  "Camera",
  "takePicture",
  [
    50,
    1,
    0,
    -1,
    -1,
    0,
    0,
    false,
    false,
    false,
    null,
    0
  ]
]
2014-01-29 08:44:45.889 cameraOnPhonegap[1212:a0b] ERROR: Plugin 'Camera' not found, or is not a CDVPlugin. Check your plugin mapping in config.xml.
2014-01-29 08:44:45.890 cameraOnPhonegap[1212:a0b] -[CDVCommandQueue executePending] [Line 127] FAILED pluginJSON = [
  "Camera163784518",
  "Camera",
  "takePicture",
  [
    20,
    0,
    1,
    -1,
    -1,
    0,
    0,
    true,
    false,
    false,
    null,
    0
  ]
]
2014-01-29 08:44:46.802 cameraOnPhonegap[1212:a0b] ERROR: Plugin 'Camera' not found, or is not a CDVPlugin. Check your plugin mapping in config.xml.
2014-01-29 08:44:46.803 cameraOnPhonegap[1212:a0b] -[CDVCommandQueue executePending] [Line 127] FAILED pluginJSON = [
  "Camera163784519",
  "Camera",
  "takePicture",
  [
    50,
    0,
    1,
    -1,
    -1,
    0,
    0,
    false,
    false,
    false,
    null,
    0
  ]
]
2014-01-29 08:44:59.041 cameraOnPhonegap[1212:a0b] ERROR: Plugin 'Camera' not found, or is not a CDVPlugin. Check your plugin mapping in config.xml.
2014-01-29 08:44:59.042 cameraOnPhonegap[1212:a0b] -[CDVCommandQueue executePending] [Line 127] FAILED pluginJSON = [
  "Camera163784520",
  "Camera",
  "takePicture",
  [
    50,
    1,
    2,
    -1,
    -1,
    0,
    0,
    false,
    false,
    false,
    null,
    0
  ]
]
2014-01-29 08:44:59.769 cameraOnPhonegap[1212:a0b] ERROR: Plugin 'Camera' not found, or is not a CDVPlugin. Check your plugin mapping in config.xml.
2014-01-29 08:44:59.770 cameraOnPhonegap[1212:a0b] -[CDVCommandQueue executePending] [Line 127] FAILED pluginJSON = [
  "Camera163784521",
  "Camera",
  "takePicture",
  [
    50,
    1,
    2,
    -1,
    -1,
    0,
    0,
    false,
    false,
    false,
    null,
    0
  ]
]
2014-01-29 08:45:01.399 cameraOnPhonegap[1212:a0b] ERROR: Plugin 'Camera' not found, or is not a CDVPlugin. Check your plugin mapping in config.xml.
2014-01-29 08:45:01.400 cameraOnPhonegap[1212:a0b] -[CDVCommandQueue executePending] [Line 127] FAILED pluginJSON = [
  "Camera163784522",
  "Camera",
  "takePicture",
  [
    50,
    1,
    2,
    -1,
    -1,
    0,
    0,
    false,
    false,
    false,
    null,
    0
  ]
]
2014-01-29 08:45:02.112 cameraOnPhonegap[1212:a0b] ERROR: Plugin 'Camera' not found, or is not a CDVPlugin. Check your plugin mapping in config.xml.
2014-01-29 08:45:02.113 cameraOnPhonegap[1212:a0b] -[CDVCommandQueue executePending] [Line 127] FAILED pluginJSON = [
  "Camera163784523",
  "Camera",
  "takePicture",
  [
    50,
    1,
    2,
    -1,
    -1,
    0,
    0,
    false,
    false,
    false,
    null,
    0
  ]
]
2014-01-29 08:45:04.673 cameraOnPhonegap[1212:a0b] ERROR: Plugin 'Camera' not found, or is not a CDVPlugin. Check your plugin mapping in config.xml.
2014-01-29 08:45:04.673 cameraOnPhonegap[1212:a0b] -[CDVCommandQueue executePending] [Line 127] FAILED pluginJSON = [
  "Camera163784524",
  "Camera",
  "takePicture",
  [
    50,
    1,
    2,
    -1,
    -1,
    0,
    0,
    false,
    false,
    false,
    null,
    0
  ]
]
2014-01-29 08:45:05.680 cameraOnPhonegap[1212:a0b] ERROR: Plugin 'Camera' not found, or is not a CDVPlugin. Check your plugin mapping in config.xml.
2014-01-29 08:45:05.681 cameraOnPhonegap[1212:a0b] -[CDVCommandQueue executePending] [Line 127] FAILED pluginJSON = [
  "Camera163784525",
  "Camera",
  "takePicture",
  [
    50,
    1,
    2,
    -1,
    -1,
    0,
    0,
    false,
    false,
    false,
    null,
    0
  ]
]
2014-01-29 08:55:10.507 cameraOnPhonegap[1212:a0b] ERROR: Plugin 'Camera' not found, or is not a CDVPlugin. Check your plugin mapping in config.xml.
2014-01-29 08:55:10.508 cameraOnPhonegap[1212:a0b] -[CDVCommandQueue executePending] [Line 127] FAILED pluginJSON = [
  "Camera163784526",
  "Camera",
  "takePicture",
  [
    50,
    1,
    2,
    -1,
    -1,
    0,
    0,
    false,
    false,
    false,
    null,
    0
  ]
]
